{"timestamp":"2024-07-10 15:14:44.140","level":"INFO","thread":"main","logger":"com.example.demo.DemoApplication","message":"Starting DemoApplication using Java 22.0.1 with PID 7216 (C:\\Users\\Gjore\\Desktop\\Outbrain\\PavleStefan\\LN-SS-main\\demo\\target\\classes started by Gjore in C:\\Users\\Gjore\\Desktop\\Outbrain\\PavleStefan\\LN-SS-main)","context":"default"}
{"timestamp":"2024-07-10 15:14:44.202","level":"INFO","thread":"main","logger":"com.example.demo.DemoApplication","message":"No active profile set, falling back to 1 default profile: \"default\"","context":"default"}
{"timestamp":"2024-07-10 15:14:45.980","level":"INFO","thread":"main","logger":"org.springframework.data.repository.config.RepositoryConfigurationDelegate","message":"Multiple Spring Data modules found, entering strict repository configuration mode","context":"default"}
{"timestamp":"2024-07-10 15:14:45.984","level":"INFO","thread":"main","logger":"org.springframework.data.repository.config.RepositoryConfigurationDelegate","message":"Bootstrapping Spring Data JPA repositories in DEFAULT mode.","context":"default"}
{"timestamp":"2024-07-10 15:14:46.152","level":"INFO","thread":"main","logger":"org.springframework.data.repository.config.RepositoryConfigurationExtensionSupport","message":"Spring Data JPA - Could not safely identify store assignment for repository candidate interface com.example.demo.wikipedia.WikipediaRepository; If you want this repository to be a JPA repository, consider annotating your entities with one of these annotations: jakarta.persistence.Entity, jakarta.persistence.MappedSuperclass (preferred), or consider extending one of the following types with your repository: org.springframework.data.jpa.repository.JpaRepository","context":"default"}
{"timestamp":"2024-07-10 15:14:46.172","level":"INFO","thread":"main","logger":"org.springframework.data.repository.config.RepositoryConfigurationDelegate","message":"Finished Spring Data repository scanning in 175 ms. Found 1 JPA repository interface.","context":"default"}
{"timestamp":"2024-07-10 15:14:46.473","level":"INFO","thread":"main","logger":"org.springframework.data.repository.config.RepositoryConfigurationDelegate","message":"Multiple Spring Data modules found, entering strict repository configuration mode","context":"default"}
{"timestamp":"2024-07-10 15:14:46.475","level":"INFO","thread":"main","logger":"org.springframework.data.repository.config.RepositoryConfigurationDelegate","message":"Bootstrapping Spring Data Elasticsearch repositories in DEFAULT mode.","context":"default"}
{"timestamp":"2024-07-10 15:14:46.483","level":"INFO","thread":"main","logger":"org.springframework.data.repository.config.RepositoryConfigurationExtensionSupport","message":"Spring Data Elasticsearch - Could not safely identify store assignment for repository candidate interface com.example.demo.NoteRepository; If you want this repository to be a Elasticsearch repository, consider annotating your entities with one of these annotations: org.springframework.data.elasticsearch.annotations.Document (preferred), or consider extending one of the following types with your repository: org.springframework.data.elasticsearch.repository.ElasticsearchRepository","context":"default"}
{"timestamp":"2024-07-10 15:14:46.492","level":"INFO","thread":"main","logger":"org.springframework.data.repository.config.RepositoryConfigurationDelegate","message":"Finished Spring Data repository scanning in 16 ms. Found 1 Elasticsearch repository interface.","context":"default"}
{"timestamp":"2024-07-10 15:14:46.499","level":"INFO","thread":"main","logger":"org.springframework.data.repository.config.RepositoryConfigurationDelegate","message":"Multiple Spring Data modules found, entering strict repository configuration mode","context":"default"}
{"timestamp":"2024-07-10 15:14:46.501","level":"INFO","thread":"main","logger":"org.springframework.data.repository.config.RepositoryConfigurationDelegate","message":"Bootstrapping Spring Data Reactive Elasticsearch repositories in DEFAULT mode.","context":"default"}
{"timestamp":"2024-07-10 15:14:46.508","level":"INFO","thread":"main","logger":"org.springframework.data.repository.config.RepositoryConfigurationExtensionSupport","message":"Spring Data Reactive Elasticsearch - Could not safely identify store assignment for repository candidate interface com.example.demo.NoteRepository; If you want this repository to be a Reactive Elasticsearch repository, consider annotating your entities with one of these annotations: org.springframework.data.elasticsearch.annotations.Document (preferred), or consider extending one of the following types with your repository: org.springframework.data.elasticsearch.repository.ReactiveElasticsearchRepository","context":"default"}
{"timestamp":"2024-07-10 15:14:46.511","level":"INFO","thread":"main","logger":"org.springframework.data.repository.config.RepositoryConfigurationDelegate","message":"Finished Spring Data repository scanning in 9 ms. Found 0 Reactive Elasticsearch repository interfaces.","context":"default"}
{"timestamp":"2024-07-10 15:14:47.800","level":"INFO","thread":"main","logger":"org.springframework.boot.web.embedded.tomcat.TomcatWebServer","message":"Tomcat initialized with port 8080 (http)","context":"default"}
{"timestamp":"2024-07-10 15:14:47.819","level":"INFO","thread":"main","logger":"org.apache.coyote.http11.Http11NioProtocol","message":"Initializing ProtocolHandler [\"http-nio-8080\"]","context":"default"}
{"timestamp":"2024-07-10 15:14:47.822","level":"INFO","thread":"main","logger":"org.apache.catalina.core.StandardService","message":"Starting service [Tomcat]","context":"default"}
{"timestamp":"2024-07-10 15:14:47.823","level":"INFO","thread":"main","logger":"org.apache.catalina.core.StandardEngine","message":"Starting Servlet engine: [Apache Tomcat/10.1.25]","context":"default"}
{"timestamp":"2024-07-10 15:14:47.974","level":"INFO","thread":"main","logger":"org.apache.catalina.core.ContainerBase.[Tomcat].[localhost].[/]","message":"Initializing Spring embedded WebApplicationContext","context":"default"}
{"timestamp":"2024-07-10 15:14:47.976","level":"INFO","thread":"main","logger":"org.springframework.boot.web.servlet.context.ServletWebServerApplicationContext","message":"Root WebApplicationContext: initialization completed in 3688 ms","context":"default"}
{"timestamp":"2024-07-10 15:14:48.523","level":"INFO","thread":"main","logger":"com.zaxxer.hikari.HikariDataSource","message":"HikariPool-1 - Starting...","context":"default"}
{"timestamp":"2024-07-10 15:14:48.871","level":"INFO","thread":"main","logger":"com.zaxxer.hikari.pool.HikariPool","message":"HikariPool-1 - Added connection conn0: url=jdbc:h2:mem:620b423f-a1e2-487c-9ae1-0bb2d3b5f270 user=SA","context":"default"}
{"timestamp":"2024-07-10 15:14:48.874","level":"INFO","thread":"main","logger":"com.zaxxer.hikari.HikariDataSource","message":"HikariPool-1 - Start completed.","context":"default"}
{"timestamp":"2024-07-10 15:14:48.973","level":"INFO","thread":"main","logger":"org.hibernate.jpa.internal.util.LogHelper","message":"HHH000204: Processing PersistenceUnitInfo [name: default]","context":"default"}
{"timestamp":"2024-07-10 15:14:49.092","level":"INFO","thread":"main","logger":"org.hibernate.Version","message":"HHH000412: Hibernate ORM core version 6.5.2.Final","context":"default"}
{"timestamp":"2024-07-10 15:14:49.168","level":"INFO","thread":"main","logger":"org.hibernate.cache.internal.RegionFactoryInitiator","message":"HHH000026: Second-level cache disabled","context":"default"}
{"timestamp":"2024-07-10 15:14:49.658","level":"INFO","thread":"main","logger":"org.springframework.orm.jpa.persistenceunit.SpringPersistenceUnitInfo","message":"No LoadTimeWeaver setup: ignoring JPA class transformer","context":"default"}
{"timestamp":"2024-07-10 15:14:50.662","level":"INFO","thread":"main","logger":"org.hibernate.engine.transaction.jta.platform.internal.JtaPlatformInitiator","message":"HHH000489: No JTA platform available (set 'hibernate.transaction.jta.platform' to enable JTA platform integration)","context":"default"}
{"timestamp":"2024-07-10 15:14:50.703","level":"INFO","thread":"main","logger":"org.springframework.orm.jpa.LocalContainerEntityManagerFactoryBean","message":"Initialized JPA EntityManagerFactory for persistence unit 'default'","context":"default"}
{"timestamp":"2024-07-10 15:14:51.266","level":"WARN","thread":"main","logger":"com.azure.core.http.netty.implementation.Utility","message":"The following Netty dependencies have versions that do not match the versions specified in the azure-core-http-netty pom.xml file. This may result in unexpected behavior. If your application runs without issue this message can be ignored, otherwise please update the Netty dependencies to match the versions specified in the pom.xml file. Versions found in runtime: 'io.netty:netty-common' version: 4.1.111.Final (expected: 4.1.101.Final),'io.netty:netty-handler' version: 4.1.111.Final (expected: 4.1.101.Final),'io.netty:netty-handler-proxy' version: 4.1.111.Final (expected: 4.1.101.Final),'io.netty:netty-buffer' version: 4.1.111.Final (expected: 4.1.101.Final),'io.netty:netty-codec' version: 4.1.111.Final (expected: 4.1.101.Final),'io.netty:netty-codec-http' version: 4.1.111.Final (expected: 4.1.101.Final),'io.netty:netty-codec-http2' version: 4.1.111.Final (expected: 4.1.101.Final),'io.netty:netty-transport-native-unix-common' version: 4.1.111.Final (expected: 4.1.101.Final),'io.netty:netty-transport-native-epoll' version: 4.1.111.Final (expected: 4.1.101.Final),'io.netty:netty-transport-native-kqueue' version: 4.1.111.Final (expected: 4.1.101.Final)","context":"default"}
{"timestamp":"2024-07-10 15:14:52.981","level":"WARN","thread":"main","logger":"org.springframework.boot.autoconfigure.orm.jpa.JpaBaseConfiguration$JpaWebConfiguration","message":"spring.jpa.open-in-view is enabled by default. Therefore, database queries may be performed during view rendering. Explicitly configure spring.jpa.open-in-view to disable this warning","context":"default"}
{"timestamp":"2024-07-10 15:14:54.371","level":"INFO","thread":"main","logger":"org.springframework.boot.actuate.endpoint.web.EndpointLinksResolver","message":"Exposing 3 endpoints beneath base path '/actuator'","context":"default"}
{"timestamp":"2024-07-10 15:14:54.471","level":"INFO","thread":"main","logger":"org.apache.coyote.http11.Http11NioProtocol","message":"Starting ProtocolHandler [\"http-nio-8080\"]","context":"default"}
{"timestamp":"2024-07-10 15:14:54.489","level":"INFO","thread":"main","logger":"org.springframework.boot.web.embedded.tomcat.TomcatWebServer","message":"Tomcat started on port 8080 (http) with context path '/'","context":"default"}
{"timestamp":"2024-07-10 15:14:54.510","level":"INFO","thread":"main","logger":"com.example.demo.DemoApplication","message":"Started DemoApplication in 10.987 seconds (process running for 13.784)","context":"default"}
{"timestamp":"2024-07-10 15:16:52.247","level":"INFO","thread":"http-nio-8080-exec-1","logger":"org.apache.catalina.core.ContainerBase.[Tomcat].[localhost].[/]","message":"Initializing Spring DispatcherServlet 'dispatcherServlet'","context":"default"}
{"timestamp":"2024-07-10 15:16:52.248","level":"INFO","thread":"http-nio-8080-exec-1","logger":"org.springframework.web.servlet.DispatcherServlet","message":"Initializing Servlet 'dispatcherServlet'","context":"default"}
{"timestamp":"2024-07-10 15:16:52.249","level":"INFO","thread":"http-nio-8080-exec-1","logger":"org.springframework.web.servlet.DispatcherServlet","message":"Completed initialization in 1 ms","context":"default"}
{"timestamp":"2024-07-10 15:16:53.262","level":"INFO","thread":"http-nio-8080-exec-1","logger":"com.example.demo.nationalize.NatController","message":"Fetching node Slovakia","context":"default"}
{"timestamp":"2024-07-10 16:03:09.279","level":"WARN","thread":"HikariPool-1 housekeeper","logger":"com.zaxxer.hikari.pool.HikariPool","message":"HikariPool-1 - Thread starvation or clock leap detected (housekeeper delta=16m49s761ms209µs700ns).","context":"default"}
{"timestamp":"2024-07-10 16:31:37.877","level":"WARN","thread":"HikariPool-1 housekeeper","logger":"com.zaxxer.hikari.pool.HikariPool","message":"HikariPool-1 - Thread starvation or clock leap detected (housekeeper delta=3m28s253ms407µs500ns).","context":"default"}
{"timestamp":"2024-07-10 16:43:36.760","level":"INFO","thread":"SpringApplicationShutdownHook","logger":"org.springframework.orm.jpa.LocalContainerEntityManagerFactoryBean","message":"Closing JPA EntityManagerFactory for persistence unit 'default'","context":"default"}
{"timestamp":"2024-07-10 16:43:36.788","level":"INFO","thread":"SpringApplicationShutdownHook","logger":"com.zaxxer.hikari.HikariDataSource","message":"HikariPool-1 - Shutdown initiated...","context":"default"}
{"timestamp":"2024-07-10 16:43:36.804","level":"INFO","thread":"SpringApplicationShutdownHook","logger":"com.zaxxer.hikari.HikariDataSource","message":"HikariPool-1 - Shutdown completed.","context":"default"}
